This is pdfTeX, Version 3.141592653-2.6-1.40.27 (MiKTeX 25.4) (preloaded format=pdflatex 2025.11.7)  21 JAN 2026 14:18
entering extended mode
 restricted \write18 enabled.
 %&-line parsing enabled.
**./document.tex
(document.tex
LaTeX2e <2025-06-01> patch level 1
L3 programming layer <2025-10-09>
(C:\Users\nilsk\AppData\Local\Programs\MiKTeX\tex/latex/base\article.cls
Document Class: article 2025/01/22 v1.4n Standard LaTeX document class
(C:\Users\nilsk\AppData\Local\Programs\MiKTeX\tex/latex/base\size10.clo
File: size10.clo 2025/01/22 v1.4n Standard LaTeX file (size option)
)
\c@part=\count275
\c@section=\count276
\c@subsection=\count277
\c@subsubsection=\count278
\c@paragraph=\count279
\c@subparagraph=\count280
\c@figure=\count281
\c@table=\count282
\abovecaptionskip=\skip49
\belowcaptionskip=\skip50
\bibindent=\dimen148
)
(C:\Users\nilsk\AppData\Local\Programs\MiKTeX\tex/generic/babel\babel.sty
Package: babel 2025/10/22 v25.14 The multilingual framework for LuaLaTeX, pdfLa
TeX and XeLaTeX
\babel@savecnt=\count283
LaTeX Encoding Info:    Redeclaring text command \ij (encoding OT1) on input li
ne 2050.
LaTeX Encoding Info:    Redeclaring text command \IJ (encoding OT1) on input li
ne 2052.
LaTeX Encoding Info:    Redeclaring text command \ij (encoding T1) on input lin
e 2054.
LaTeX Encoding Info:    Redeclaring text command \IJ (encoding T1) on input lin
e 2055.
LaTeX Encoding Info:    Ignoring declaration for text command \ij (encoding ?) 
on input line 2056.
LaTeX Encoding Info:    Ignoring declaration for text command \IJ (encoding ?) 
on input line 2058.
LaTeX Encoding Info:    Ignoring declaration for text command \SS (encoding ?) 
on input line 2083.
\U@D=\dimen149
\l@unhyphenated=\language79

(C:\Users\nilsk\AppData\Local\Programs\MiKTeX\tex/generic/babel\txtbabel.def)
\bbl@readstream=\read2
\bbl@dirlevel=\count284


Package babel Warning: Configuration files are deprecated, as
(babel)                they can break document portability.
(babel)                Reported on input line 4172.

*************************************
* Local config file bblopts.cfg used
*
(C:\Users\nilsk\AppData\Local\Programs\MiKTeX\tex/latex/arabi\bblopts.cfg
File: bblopts.cfg 2005/09/08 v0.1 add Arabic and Farsi to "declared" options of
 babel
)
(C:\Users\nilsk\AppData\Local\Programs\MiKTeX\tex/generic/babel/locale/de\babel
-ngerman.tex)
Package babel Info: Importing font and identification data for ngerman
(babel)             from babel-de.ini. Reported on input line 4295.

(C:\Users\nilsk\AppData\Local\Programs\MiKTeX\tex/latex/babel-german\ngerman.ld
f
Language: ngerman 2024/12/10 v2.15 German support for babel (post-1996 orthogra
phy)

(C:\Users\nilsk\AppData\Local\Programs\MiKTeX\tex/latex/babel-german\ngermanb.l
df
Language: ngermanb 2024/12/10 v2.15 German support for babel (post-1996 orthogr
aphy)
Package babel Info: Making " an active character on input line 122.
)))
(C:\Users\nilsk\AppData\Local\Programs\MiKTeX\tex/latex/amsmath\amsmath.sty
Package: amsmath 2025/06/16 v2.17y AMS math features
\@mathmargin=\skip51

For additional information on amsmath, use the `?' option.
(C:\Users\nilsk\AppData\Local\Programs\MiKTeX\tex/latex/amsmath\amstext.sty
Package: amstext 2024/11/17 v2.01 AMS text

(C:\Users\nilsk\AppData\Local\Programs\MiKTeX\tex/latex/amsmath\amsgen.sty
File: amsgen.sty 1999/11/30 v2.0 generic functions
\@emptytoks=\toks17
\ex@=\dimen150
))
(C:\Users\nilsk\AppData\Local\Programs\MiKTeX\tex/latex/amsmath\amsbsy.sty
Package: amsbsy 1999/11/29 v1.2d Bold Symbols
\pmbraise@=\dimen151
)
(C:\Users\nilsk\AppData\Local\Programs\MiKTeX\tex/latex/amsmath\amsopn.sty
Package: amsopn 2022/04/08 v2.04 operator names
)
\inf@bad=\count285
LaTeX Info: Redefining \frac on input line 233.
\uproot@=\count286
\leftroot@=\count287
LaTeX Info: Redefining \overline on input line 398.
LaTeX Info: Redefining \colon on input line 409.
\classnum@=\count288
\DOTSCASE@=\count289
LaTeX Info: Redefining \ldots on input line 495.
LaTeX Info: Redefining \dots on input line 498.
LaTeX Info: Redefining \cdots on input line 619.
\Mathstrutbox@=\box53
\strutbox@=\box54
LaTeX Info: Redefining \big on input line 721.
LaTeX Info: Redefining \Big on input line 722.
LaTeX Info: Redefining \bigg on input line 723.
LaTeX Info: Redefining \Bigg on input line 724.
\big@size=\dimen152
LaTeX Font Info:    Redeclaring font encoding OML on input line 742.
LaTeX Font Info:    Redeclaring font encoding OMS on input line 743.
\macc@depth=\count290
LaTeX Info: Redefining \bmod on input line 904.
LaTeX Info: Redefining \pmod on input line 909.
LaTeX Info: Redefining \smash on input line 939.
LaTeX Info: Redefining \relbar on input line 969.
LaTeX Info: Redefining \Relbar on input line 970.
\c@MaxMatrixCols=\count291
\dotsspace@=\muskip17
\c@parentequation=\count292
\dspbrk@lvl=\count293
\tag@help=\toks18
\row@=\count294
\column@=\count295
\maxfields@=\count296
\andhelp@=\toks19
\eqnshift@=\dimen153
\alignsep@=\dimen154
\tagshift@=\dimen155
\tagwidth@=\dimen156
\totwidth@=\dimen157
\lineht@=\dimen158
\@envbody=\toks20
\multlinegap=\skip52
\multlinetaggap=\skip53
\mathdisplay@stack=\toks21
LaTeX Info: Redefining \[ on input line 2949.
LaTeX Info: Redefining \] on input line 2950.
)
(C:\Users\nilsk\AppData\Local\Programs\MiKTeX\tex/latex/amsfonts\amssymb.sty
Package: amssymb 2013/01/14 v3.01 AMS font symbols

(C:\Users\nilsk\AppData\Local\Programs\MiKTeX\tex/latex/amsfonts\amsfonts.sty
Package: amsfonts 2013/01/14 v3.01 Basic AMSFonts support
\symAMSa=\mathgroup4
\symAMSb=\mathgroup5
LaTeX Font Info:    Redeclaring math symbol \hbar on input line 98.
LaTeX Font Info:    Overwriting math alphabet `\mathfrak' in version `bold'
(Font)                  U/euf/m/n --> U/euf/b/n on input line 106.
)) (C:\Users\nilsk\AppData\Local\Programs\MiKTeX\tex/latex/geometry\geometry.st
y
Package: geometry 2020/01/02 v5.9 Page Geometry

(C:\Users\nilsk\AppData\Local\Programs\MiKTeX\tex/latex/graphics\keyval.sty
Package: keyval 2022/05/29 v1.15 key=value parser (DPC)
\KV@toks@=\toks22
)
(C:\Users\nilsk\AppData\Local\Programs\MiKTeX\tex/generic/iftex\ifvtex.sty
Package: ifvtex 2019/10/25 v1.7 ifvtex legacy package. Use iftex instead.

(C:\Users\nilsk\AppData\Local\Programs\MiKTeX\tex/generic/iftex\iftex.sty
Package: iftex 2024/12/12 v1.0g TeX engine tests
))
\Gm@cnth=\count297
\Gm@cntv=\count298
\c@Gm@tempcnt=\count299
\Gm@bindingoffset=\dimen159
\Gm@wd@mp=\dimen160
\Gm@odd@mp=\dimen161
\Gm@even@mp=\dimen162
\Gm@layoutwidth=\dimen163
\Gm@layoutheight=\dimen164
\Gm@layouthoffset=\dimen165
\Gm@layoutvoffset=\dimen166
\Gm@dimlist=\toks23

(C:\Users\nilsk\AppData\Local\Programs\MiKTeX\tex/latex/geometry\geometry.cfg))
(C:\Users\nilsk\AppData\Local\Programs\MiKTeX\tex/latex/booktabs\booktabs.sty
Package: booktabs 2020/01/12 v1.61803398 Publication quality tables
\heavyrulewidth=\dimen167
\lightrulewidth=\dimen168
\cmidrulewidth=\dimen169
\belowrulesep=\dimen170
\belowbottomsep=\dimen171
\aboverulesep=\dimen172
\abovetopsep=\dimen173
\cmidrulesep=\dimen174
\cmidrulekern=\dimen175
\defaultaddspace=\dimen176
\@cmidla=\count300
\@cmidlb=\count301
\@aboverulesep=\dimen177
\@belowrulesep=\dimen178
\@thisruleclass=\count302
\@lastruleclass=\count303
\@thisrulewidth=\dimen179
)
(C:\Users\nilsk\AppData\Local\Programs\MiKTeX\tex/latex/enumitem\enumitem.sty
Package: enumitem 2025/02/06 v3.11 Customized lists
\labelindent=\skip54
\enit@outerparindent=\dimen180
\enit@toks=\toks24
\enit@inbox=\box55
\enit@count@id=\count304
\enitdp@description=\count305
)
(C:\Users\nilsk\AppData\Local\Programs\MiKTeX\tex/latex/graphics\graphicx.sty
Package: graphicx 2024/12/31 v1.2e Enhanced LaTeX Graphics (DPC,SPQR)

(C:\Users\nilsk\AppData\Local\Programs\MiKTeX\tex/latex/graphics\graphics.sty
Package: graphics 2024/08/06 v1.4g Standard LaTeX Graphics (DPC,SPQR)

(C:\Users\nilsk\AppData\Local\Programs\MiKTeX\tex/latex/graphics\trig.sty
Package: trig 2023/12/02 v1.11 sin cos tan (DPC)
)
(C:\Users\nilsk\AppData\Local\Programs\MiKTeX\tex/latex/graphics-cfg\graphics.c
fg
File: graphics.cfg 2016/06/04 v1.11 sample graphics configuration
)
Package graphics Info: Driver file: pdftex.def on input line 106.

(C:\Users\nilsk\AppData\Local\Programs\MiKTeX\tex/latex/graphics-def\pdftex.def
File: pdftex.def 2025/09/29 v1.2d Graphics/color driver for pdftex
))
\Gin@req@height=\dimen181
\Gin@req@width=\dimen182
) (C:\Users\nilsk\AppData\Local\Programs\MiKTeX\tex/latex/tools\multicol.sty
Package: multicol 2025/05/25 v2.0a multicolumn formatting (FMi)
\c@tracingmulticols=\count306
\mult@box=\box56
\multicol@leftmargin=\dimen183
\c@unbalance=\count307
\c@collectmore=\count308
\doublecol@number=\count309
\multicoltolerance=\count310
\multicolpretolerance=\count311
\full@width=\dimen184
\page@free=\dimen185
\premulticols=\dimen186
\postmulticols=\dimen187
\multicolsep=\skip55
\multicolbaselineskip=\skip56
\partial@page=\box57
\last@line=\box58
\mc@boxedresult=\box59
\maxbalancingoverflow=\dimen188
\mult@rightbox=\box60
\mult@grightbox=\box61
\mult@firstbox=\box62
\mult@gfirstbox=\box63
\@tempa=\box64
\@tempa=\box65
\@tempa=\box66
\@tempa=\box67
\@tempa=\box68
\@tempa=\box69
\@tempa=\box70
\@tempa=\box71
\@tempa=\box72
\@tempa=\box73
\@tempa=\box74
\@tempa=\box75
\@tempa=\box76
\@tempa=\box77
\@tempa=\box78
\@tempa=\box79
\@tempa=\box80
\@tempa=\box81
\@tempa=\box82
\@tempa=\box83
\@tempa=\box84
\@tempa=\box85
\@tempa=\box86
\@tempa=\box87
\@tempa=\box88
\@tempa=\box89
\@tempa=\box90
\@tempa=\box91
\@tempa=\box92
\@tempa=\box93
\@tempa=\box94
\@tempa=\box95
\@tempa=\box96
\@tempa=\box97
\@tempa=\box98
\@tempa=\box99
\c@minrows=\count312
\c@columnbadness=\count313
\c@finalcolumnbadness=\count314
\last@try=\dimen189
\multicolovershoot=\dimen190
\multicolundershoot=\dimen191
\mult@nat@firstbox=\box100
\colbreak@box=\box101
\mc@col@check@num=\count315
\g__mc_curr_col_int=\count316
) (C:\Users\nilsk\AppData\Local\Programs\MiKTeX\tex/latex/caption\caption.sty
Package: caption 2023/08/05 v3.6o Customizing captions (AR)

(C:\Users\nilsk\AppData\Local\Programs\MiKTeX\tex/latex/caption\caption3.sty
Package: caption3 2023/07/31 v2.4d caption3 kernel (AR)
\caption@tempdima=\dimen192
\captionmargin=\dimen193
\caption@leftmargin=\dimen194
\caption@rightmargin=\dimen195
\caption@width=\dimen196
\caption@indent=\dimen197
\caption@parindent=\dimen198
\caption@hangindent=\dimen199
Package caption Info: Standard document class detected.
)
\c@caption@flags=\count317
\c@continuedfloat=\count318
)
(C:\Users\nilsk\AppData\Local\Programs\MiKTeX\tex/latex/titlesec\titlesec.sty
Package: titlesec 2025/01/04 v2.17 Sectioning titles
\ttl@box=\box102
\beforetitleunit=\skip57
\aftertitleunit=\skip58
\ttl@plus=\dimen256
\ttl@minus=\dimen257
\ttl@toksa=\toks25
\titlewidth=\dimen258
\titlewidthlast=\dimen259
\titlewidthfirst=\dimen260
)
(C:\Users\nilsk\AppData\Local\Programs\MiKTeX\tex/latex/needspace\needspace.sty
Package: needspace 2025/03/13 v1.3e reserve vertical space
)
(C:\Users\nilsk\AppData\Local\Programs\MiKTeX\tex/latex/l3backend\l3backend-pdf
tex.def
File: l3backend-pdftex.def 2025-10-09 L3 backend support: PDF output (pdfTeX)
\l__color_backend_stack_int=\count319
)

LaTeX Warning: Unused global option(s):
    [9pt].

(document.aux
Package babel Info: 'ngerman' activates 'ngerman' shorthands.
(babel)             Reported on input line 5.
)
\openout1 = `document.aux'.

LaTeX Font Info:    Checking defaults for OML/cmm/m/it on input line 41.
LaTeX Font Info:    ... okay on input line 41.
LaTeX Font Info:    Checking defaults for OMS/cmsy/m/n on input line 41.
LaTeX Font Info:    ... okay on input line 41.
LaTeX Font Info:    Checking defaults for OT1/cmr/m/n on input line 41.
LaTeX Font Info:    ... okay on input line 41.
LaTeX Font Info:    Checking defaults for T1/cmr/m/n on input line 41.
LaTeX Font Info:    ... okay on input line 41.
LaTeX Font Info:    Checking defaults for TS1/cmr/m/n on input line 41.
LaTeX Font Info:    ... okay on input line 41.
LaTeX Font Info:    Checking defaults for OMX/cmex/m/n on input line 41.
LaTeX Font Info:    ... okay on input line 41.
LaTeX Font Info:    Checking defaults for U/cmr/m/n on input line 41.
LaTeX Font Info:    ... okay on input line 41.

*geometry* driver: auto-detecting
*geometry* detected driver: pdftex
*geometry* verbose mode - [ preamble ] result:
* driver: pdftex
* paper: <default>
* layout: <same size as paper>
* layoutoffset:(h,v)=(0.0pt,0.0pt)
* modes: 
* h-part:(L,W,R)=(14.22636pt, 585.84227pt, 14.22636pt)
* v-part:(T,H,B)=(14.22636pt, 723.83812pt, 56.9055pt)
* \paperwidth=614.295pt
* \paperheight=794.96999pt
* \textwidth=585.84227pt
* \textheight=723.83812pt
* \oddsidemargin=-58.04362pt
* \evensidemargin=-58.04362pt
* \topmargin=-95.04362pt
* \headheight=12.0pt
* \headsep=25.0pt
* \topskip=10.0pt
* \footskip=30.0pt
* \marginparwidth=65.0pt
* \marginparsep=11.0pt
* \columnsep=17.07182pt
* \skip\footins=9.0pt plus 4.0pt minus 2.0pt
* \hoffset=0.0pt
* \voffset=0.0pt
* \mag=1000
* \@twocolumnfalse
* \@twosidefalse
* \@mparswitchfalse
* \@reversemarginfalse
* (1in=72.27pt=25.4mm, 1cm=28.453pt)


(C:\Users\nilsk\AppData\Local\Programs\MiKTeX\tex/context/base/mkii\supp-pdf.mk
ii
[Loading MPS to PDF converter (version 2006.09.02).]
\scratchcounter=\count320
\scratchdimen=\dimen261
\scratchbox=\box103
\nofMPsegments=\count321
\nofMParguments=\count322
\everyMPshowfont=\toks26
\MPscratchCnt=\count323
\MPscratchDim=\dimen262
\MPnumerator=\count324
\makeMPintoPDFobject=\count325
\everyMPtoPDFconversion=\toks27
)
(C:\Users\nilsk\AppData\Local\Programs\MiKTeX\tex/latex/epstopdf-pkg\epstopdf-b
ase.sty
Package: epstopdf-base 2020-01-24 v2.11 Base part for package epstopdf
Package epstopdf-base Info: Redefining graphics rule for `.eps' on input line 4
85.

(C:\Users\nilsk\AppData\Local\Programs\MiKTeX\tex/latex/00miktex\epstopdf-sys.c
fg
File: epstopdf-sys.cfg 2021/03/18 v2.0 Configuration of epstopdf for MiKTeX
))
Package caption Info: Begin \AtBeginDocument code.
Package caption Info: End \AtBeginDocument code.
 (document.toc
LaTeX Font Info:    Trying to load font information for U+msa on input line 4.

(C:\Users\nilsk\AppData\Local\Programs\MiKTeX\tex/latex/amsfonts\umsa.fd
File: umsa.fd 2013/01/14 v3.01 AMS symbols A
)
LaTeX Font Info:    Trying to load font information for U+msb on input line 4.

(C:\Users\nilsk\AppData\Local\Programs\MiKTeX\tex/latex/amsfonts\umsb.fd
File: umsb.fd 2013/01/14 v3.01 AMS symbols B
))
\tf@toc=\write3
\openout3 = `document.toc'.

<./img/sgmm.jpeg, id=1, 232.2276pt x 145.2627pt>
File: ./img/sgmm.jpeg Graphic file (type jpg)
<use ./img/sgmm.jpeg>
Package pdftex.def Info: ./img/sgmm.jpeg  used on input line 65.
(pdftex.def)             Requested size: 284.38522pt x 177.89404pt.






[1

{C:/Users/nilsk/AppData/Local/MiKTeX/fonts/map/pdftex/pdftex.map} <./img/sgmm.j
peg>]
Underfull \hbox (badness 10000) in paragraph at lines 87--88

 []

<./img/pestel.png, id=9, 499.8675pt x 403.5075pt>
File: ./img/pestel.png Graphic file (type png)
<use ./img/pestel.png>
Package pdftex.def Info: ./img/pestel.png  used on input line 89.
(pdftex.def)             Requested size: 284.38522pt x 229.57066pt.
<./img/5_forces.png, id=11, 554.07pt x 417.05812pt>
File: ./img/5_forces.png Graphic file (type png)
<use ./img/5_forces.png>
Package pdftex.def Info: ./img/5_forces.png  used on input line 95.
(pdftex.def)             Requested size: 284.38522pt x 214.05867pt.

Underfull \hbox (badness 10000) in paragraph at lines 117--118

 []

<./img/4_branchen_porter.png, id=12, 653.44125pt x 331.2375pt>
File: ./img/4_branchen_porter.png Graphic file (type png)
<use ./img/4_branchen_porter.png>
Package pdftex.def Info: ./img/4_branchen_porter.png  used on input line 120.
(pdftex.def)             Requested size: 284.38522pt x 144.1579pt.

Underfull \hbox (badness 10000) in paragraph at lines 124--125

 []

<./img/4_märkte.png, id=13, 746.79pt x 415.5525pt>
File: ./img/4_märkte.png Graphic file (type png)
<use ./img/4_märkte.png>
Package pdftex.def Info: ./img/4_märkte.png  used on input line 127.
(pdftex.def)             Requested size: 284.38522pt x 158.24765pt.
<./img/4_märkte_stossrichtungen.png, id=14, 548.80031pt x 349.305pt>
File: ./img/4_märkte_stossrichtungen.png Graphic file (type png)
<use ./img/4_märkte_stossrichtungen.png>
Package pdftex.def Info: ./img/4_märkte_stossrichtungen.png  used on input lin
e 132.
(pdftex.def)             Requested size: 284.38522pt x 181.0107pt.






[2 <./img/pestel.png> <./img/5_forces.png> <./img/4_branchen_porter.png> <./img
/4_märkte.png> <./img/4_märkte_stossrichtungen.png>]
<./img/martkgrösse.png, id=25, 550.30594pt x 188.95593pt>
File: ./img/martkgrösse.png Graphic file (type png)
<use ./img/martkgrösse.png>
Package pdftex.def Info: ./img/martkgrösse.png  used on input line 152.
(pdftex.def)             Requested size: 284.38522pt x 97.64928pt.
<./img/4_p.png, id=26, 832.61063pt x 249.18094pt>
File: ./img/4_p.png Graphic file (type png)
<use ./img/4_p.png>
Package pdftex.def Info: ./img/4_p.png  used on input line 160.
(pdftex.def)             Requested size: 284.38522pt x 85.10822pt.
<./img/produktgestaltung.png, id=27, 873.2625pt x 304.13625pt>
File: ./img/produktgestaltung.png Graphic file (type png)
<use ./img/produktgestaltung.png>
Package pdftex.def Info: ./img/produktgestaltung.png  used on input line 167.
(pdftex.def)             Requested size: 284.38522pt x 99.04265pt.
<./img/preispolitik.png, id=28, 615.0478pt x 122.70844pt>
File: ./img/preispolitik.png Graphic file (type png)
<use ./img/preispolitik.png>
Package pdftex.def Info: ./img/preispolitik.png  used on input line 174.
(pdftex.def)             Requested size: 284.38522pt x 56.73865pt.






<./img/ef.png, id=29, 942.52126pt x 389.95688pt>
File: ./img/ef.png Graphic file (type png)
<use ./img/ef.png>
Package pdftex.def Info: ./img/ef.png  used on input line 231.
(pdftex.def)             Requested size: 284.38522pt x 117.66034pt.






[3 <./img/martkgrösse.png> <./img/4_p.png> <./img/produktgestaltung.png> <./im
g/preispolitik.png> <./img/ef.png>]
<./img/cashflow.png, id=39, 1541.76pt x 1027.84pt>
File: ./img/cashflow.png Graphic file (type png)
<use ./img/cashflow.png>
Package pdftex.def Info: ./img/cashflow.png  used on input line 257.
(pdftex.def)             Requested size: 227.50903pt x 151.65997pt.
<./img/cashflow_schemata.png, id=40, 953.81343pt x 379.4175pt>
File: ./img/cashflow_schemata.png Graphic file (type png)
<use ./img/cashflow_schemata.png>
Package pdftex.def Info: ./img/cashflow_schemata.png  used on input line 262.
(pdftex.def)             Requested size: 284.38522pt x 113.1256pt.
<./img/investitionsdreieck.jpg, id=41, 1069.9975pt x 718.685pt>
File: ./img/investitionsdreieck.jpg Graphic file (type jpg)
<use ./img/investitionsdreieck.jpg>
Package pdftex.def Info: ./img/investitionsdreieck.jpg  used on input line 275.

(pdftex.def)             Requested size: 170.63286pt x 114.60812pt.
<./img/vollkostenrechnung_begriffe.png, id=42, 732.48656pt x 85.06781pt>
File: ./img/vollkostenrechnung_begriffe.png Graphic file (type png)
<use ./img/vollkostenrechnung_begriffe.png>
Package pdftex.def Info: ./img/vollkostenrechnung_begriffe.png  used on input l
ine 321.
(pdftex.def)             Requested size: 284.38522pt x 33.02702pt.
<./img/bab.png, id=43, 901.11656pt x 478.03593pt>
File: ./img/bab.png Graphic file (type png)
<use ./img/bab.png>
Package pdftex.def Info: ./img/bab.png  used on input line 327.
(pdftex.def)             Requested size: 284.38522pt x 150.86658pt.






[4 <./img/cashflow.png (PNG copy)> <./img/cashflow_schemata.png> <./img/investi
tionsdreieck.jpg> <./img/vollkostenrechnung_begriffe.png>]
<./img/teilkostenrechnung.png, id=49, 572.89032pt x 359.84438pt>
File: ./img/teilkostenrechnung.png Graphic file (type png)
<use ./img/teilkostenrechnung.png>
Package pdftex.def Info: ./img/teilkostenrechnung.png  used on input line 354.
(pdftex.def)             Requested size: 284.38522pt x 178.63141pt.
<./img/kalkulation.png, id=50, 1114.1625pt x 474.27188pt>
File: ./img/kalkulation.png Graphic file (type png)
<use ./img/kalkulation.png>
Package pdftex.def Info: ./img/kalkulation.png  used on input line 369.
(pdftex.def)             Requested size: 284.38522pt x 121.0499pt.
<./img/kalkulation_handel.png, id=51, 837.88031pt x 192.72pt>
File: ./img/kalkulation_handel.png Graphic file (type png)
<use ./img/kalkulation_handel.png>
Package pdftex.def Info: ./img/kalkulation_handel.png  used on input line 376.
(pdftex.def)             Requested size: 284.38522pt x 65.40924pt.
<./img/kalkulation_handel_beispiel.png, id=52, 642.90187pt x 456.95718pt>
File: ./img/kalkulation_handel_beispiel.png Graphic file (type png)
<use ./img/kalkulation_handel_beispiel.png>
Package pdftex.def Info: ./img/kalkulation_handel_beispiel.png  used on input l
ine 381.
(pdftex.def)             Requested size: 284.38522pt x 202.13556pt.
<./img/materialwirtschaft_1.png, id=53, 1026.83624pt x 146.79843pt>
File: ./img/materialwirtschaft_1.png Graphic file (type png)
<use ./img/materialwirtschaft_1.png>
Package pdftex.def Info: ./img/materialwirtschaft_1.png  used on input line 392
.
(pdftex.def)             Requested size: 284.38522pt x 40.65527pt.
<./img/materialwirtschaft_bestandteile.png, id=54, 1042.64531pt x 182.93344pt>
File: ./img/materialwirtschaft_bestandteile.png Graphic file (type png)
<use ./img/materialwirtschaft_bestandteile.png>
Package pdftex.def Info: ./img/materialwirtschaft_bestandteile.png  used on inp
ut line 398.
(pdftex.def)             Requested size: 284.38522pt x 49.89513pt.
<./img/beschaffungsprozesse.png, id=55, 901.11656pt x 485.56406pt>
File: ./img/beschaffungsprozesse.png Graphic file (type png)
<use ./img/beschaffungsprozesse.png>
Package pdftex.def Info: ./img/beschaffungsprozesse.png  used on input line 404
.
(pdftex.def)             Requested size: 284.38522pt x 153.24243pt.






[5 <./img/bab.png> <./img/teilkostenrechnung.png> <./img/kalkulation.png> <./im
g/kalkulation_handel.png> <./img/kalkulation_handel_beispiel.png> <./img/materi
alwirtschaft_1.png>]
<./img/beschaffungsobjekte.png, id=66, 1084.80281pt x 429.10312pt>
File: ./img/beschaffungsobjekte.png Graphic file (type png)
<use ./img/beschaffungsobjekte.png>
Package pdftex.def Info: ./img/beschaffungsobjekte.png  used on input line 410.

(pdftex.def)             Requested size: 284.38522pt x 112.48738pt.
<./img/dreieck_material.png, id=67, 980.91469pt x 268.00125pt>
File: ./img/dreieck_material.png Graphic file (type png)
<use ./img/dreieck_material.png>
Package pdftex.def Info: ./img/dreieck_material.png  used on input line 424.
(pdftex.def)             Requested size: 284.38522pt x 77.69792pt.
<./img/abc.png, id=68, 983.92593pt x 261.97874pt>
File: ./img/abc.png Graphic file (type png)
<use ./img/abc.png>
Package pdftex.def Info: ./img/abc.png  used on input line 430.
(pdftex.def)             Requested size: 284.38522pt x 75.72005pt.
<./img/xyz.png, id=69, 985.43156pt x 231.11343pt>
File: ./img/xyz.png Graphic file (type png)
<use ./img/xyz.png>
Package pdftex.def Info: ./img/xyz.png  used on input line 436.
(pdftex.def)             Requested size: 284.38522pt x 66.69673pt.
<./img/aufgaben_personalmanagement.png, id=70, 1070.49937pt x 227.34938pt>
File: ./img/aufgaben_personalmanagement.png Graphic file (type png)
<use ./img/aufgaben_personalmanagement.png>
Package pdftex.def Info: ./img/aufgaben_personalmanagement.png  used on input l
ine 462.
(pdftex.def)             Requested size: 284.38522pt x 60.39645pt.
<./img/personalplanung.png, id=71, 464.4853pt x 284.56313pt>
File: ./img/personalplanung.png Graphic file (type png)
<use ./img/personalplanung.png>
Package pdftex.def Info: ./img/personalplanung.png  used on input line 467.
(pdftex.def)             Requested size: 284.38522pt x 174.23021pt.






[6 <./img/materialwirtschaft_bestandteile.png> <./img/beschaffungsprozesse.png>
 <./img/beschaffungsobjekte.png> <./img/dreieck_material.png> <./img/abc.png> <
./img/xyz.png> <./img/aufgaben_personalmanagement.png> <./img/personalplanung.p
ng>]
<./img/personalgewinnung.png, id=83, 987.69pt x 136.25906pt>
File: ./img/personalgewinnung.png Graphic file (type png)
<use ./img/personalgewinnung.png>
Package pdftex.def Info: ./img/personalgewinnung.png  used on input line 483.
(pdftex.def)             Requested size: 284.38522pt x 39.23134pt.
<./img/kriterien_personal.png, id=84, 1084.05pt x 384.6872pt>
File: ./img/kriterien_personal.png Graphic file (type png)
<use ./img/kriterien_personal.png>
Package pdftex.def Info: ./img/kriterien_personal.png  used on input line 490.
(pdftex.def)             Requested size: 284.38522pt x 100.91438pt.
<./img/personalentwicklung_kompetenz.png, id=85, 1009.52156pt x 417.05812pt>
File: ./img/personalentwicklung_kompetenz.png Graphic file (type png)
<use ./img/personalentwicklung_kompetenz.png>
Package pdftex.def Info: ./img/personalentwicklung_kompetenz.png  used on input
 line 498.
(pdftex.def)             Requested size: 284.38522pt x 117.48822pt.
<./img/personalentwicklung_360.png, id=86, 626.34pt x 451.6875pt>
File: ./img/personalentwicklung_360.png Graphic file (type png)
<use ./img/personalentwicklung_360.png>
Package pdftex.def Info: ./img/personalentwicklung_360.png  used on input line 
504.
(pdftex.def)             Requested size: 284.38522pt x 205.0908pt.
<./img/lohn.png, id=87, 1085.55562pt x 359.09157pt>
File: ./img/lohn.png Graphic file (type png)
<use ./img/lohn.png>
Package pdftex.def Info: ./img/lohn.png  used on input line 510.
(pdftex.def)             Requested size: 284.38522pt x 94.06842pt.
<./img/investitionsrechnung.png, id=88, 2404.985pt x 1029.8475pt>
File: ./img/investitionsrechnung.png Graphic file (type png)
<use ./img/investitionsrechnung.png>
Package pdftex.def Info: ./img/investitionsrechnung.png  used on input line 530
.
(pdftex.def)             Requested size: 284.38522pt x 121.76923pt.
<./img/statisch_1.png, id=89, 819.8128pt x 190.46156pt>
File: ./img/statisch_1.png Graphic file (type png)
<use ./img/statisch_1.png>
Package pdftex.def Info: ./img/statisch_1.png  used on input line 537.
(pdftex.def)             Requested size: 284.38522pt x 66.06967pt.






[7 <./img/personalgewinnung.png> <./img/kriterien_personal.png> <./img/personal
entwicklung_kompetenz.png> <./img/personalentwicklung_360.png> <./img/lohn.png>
 <./img/investitionsrechnung.png> <./img/statisch_1.png>]
<./img/aufzinsung.png, id=103, 740.0147pt x 127.97812pt>
File: ./img/aufzinsung.png Graphic file (type png)
<use ./img/aufzinsung.png>
Package pdftex.def Info: ./img/aufzinsung.png  used on input line 560.
(pdftex.def)             Requested size: 284.38522pt x 49.18091pt.
<./img/abzinsung.png, id=104, 737.75626pt x 129.48375pt>
File: ./img/abzinsung.png Graphic file (type png)
<use ./img/abzinsung.png>
Package pdftex.def Info: ./img/abzinsung.png  used on input line 566.
(pdftex.def)             Requested size: 284.38522pt x 49.91164pt.
<./img/npv_1.png, id=105, 866.48718pt x 224.33812pt>
File: ./img/npv_1.png Graphic file (type png)
<use ./img/npv_1.png>
Package pdftex.def Info: ./img/npv_1.png  used on input line 571.
(pdftex.def)             Requested size: 284.38522pt x 73.62787pt.
<./img/npv_2.png, id=106, 891.33pt x 268.00125pt>
File: ./img/npv_2.png Graphic file (type png)
<use ./img/npv_2.png>
Package pdftex.def Info: ./img/npv_2.png  used on input line 575.
(pdftex.def)             Requested size: 284.38522pt x 85.5086pt.
<./img/wertschöpfungsmanagement.png, id=107, 621.82312pt x 461.47406pt>
File: ./img/wertschöpfungsmanagement.png Graphic file (type png)
<use ./img/wertschöpfungsmanagement.png>
Package pdftex.def Info: ./img/wertschöpfungsmanagement.png  used on input lin
e 589.
(pdftex.def)             Requested size: 284.38522pt x 211.04837pt.
<./img/wertschöpfungskette.png, id=108, 654.94687pt x 105.39375pt>
File: ./img/wertschöpfungskette.png Graphic file (type png)
<use ./img/wertschöpfungskette.png>
Package pdftex.def Info: ./img/wertschöpfungskette.png  used on input line 595
.
(pdftex.def)             Requested size: 284.38522pt x 45.76227pt.
<./img/wertschöpfungsarchitektur.png, id=109, 1066.7353pt x 357.58594pt>
File: ./img/wertschöpfungsarchitektur.png Graphic file (type png)
<use ./img/wertschöpfungsarchitektur.png>
Package pdftex.def Info: ./img/wertschöpfungsarchitektur.png  used on input li
ne 601.
(pdftex.def)             Requested size: 284.38522pt x 95.32727pt.
<./img/produktionsplanung.png, id=110, 715.92468pt x 469.00218pt>
File: ./img/produktionsplanung.png Graphic file (type png)
<use ./img/produktionsplanung.png>
Package pdftex.def Info: ./img/produktionsplanung.png  used on input line 632.
(pdftex.def)             Requested size: 284.38522pt x 186.30225pt.






[8 <./img/aufzinsung.png> <./img/abzinsung.png> <./img/npv_1.png> <./img/npv_2.
png> <./img/wertschöpfungsmanagement.png> <./img/wertschöpfungskette.png> <./
img/wertschöpfungsarchitektur.png>]
<./img/durchlaufzeit.png, id=121, 989.94844pt x 231.11343pt>
File: ./img/durchlaufzeit.png Graphic file (type png)
<use ./img/durchlaufzeit.png>
Package pdftex.def Info: ./img/durchlaufzeit.png  used on input line 639.
(pdftex.def)             Requested size: 284.38522pt x 66.38992pt.

Overfull \hbox (21.15181pt too wide) in paragraph at lines 644--646
\OT1/cmr/m/n/10 hohe Ter-min-si-cher-heit, ho-he Ka-pi-tal-bin-dung \OT1/cmr/bx
/n/10 Vorw[]artsterminierung 
 []

<./img/vorwärtsterminierung.png, id=122, 660.21657pt x 215.30438pt>
File: ./img/vorwärtsterminierung.png Graphic file (type png)
<use ./img/vorwärtsterminierung.png>
Package pdftex.def Info: ./img/vorwärtsterminierung.png  used on input line 64
7.
(pdftex.def)             Requested size: 284.38522pt x 92.74333pt.
<./img/rückwärtsterminierung.png, id=123, 660.21657pt x 215.30438pt>
File: ./img/rückwärtsterminierung.png Graphic file (type png)
<use ./img/rückwärtsterminierung.png>
Package pdftex.def Info: ./img/rückwärtsterminierung.png  used on input line 
653.
(pdftex.def)             Requested size: 284.38522pt x 92.74333pt.
<./img/3säulen.png, id=124, 402.75468pt x 235.63031pt>
File: ./img/3säulen.png Graphic file (type png)
<use ./img/3säulen.png>
Package pdftex.def Info: ./img/3säulen.png  used on input line 665.
(pdftex.def)             Requested size: 170.63286pt x 99.82695pt.






<./img/zinstabelle.png, id=125, 2396.955pt x 1204.5pt>
File: ./img/zinstabelle.png Graphic file (type png)
<use ./img/zinstabelle.png>
Package pdftex.def Info: ./img/zinstabelle.png  used on input line 696.
(pdftex.def)             Requested size: 585.84227pt x 294.3791pt.


[9 <./img/produktionsplanung.png> <./img/durchlaufzeit.png> <./img/vorwärtster
minierung.png> <./img/rückwärtsterminierung.png> <./img/3säulen.png>]

[10 <./img/zinstabelle.png>] (document.aux)
 ***********
LaTeX2e <2025-06-01> patch level 1
L3 programming layer <2025-10-09>
 ***********
 ) 
Here is how much of TeX's memory you used:
 7045 strings out of 468080
 124866 string characters out of 5425772
 550189 words of memory out of 5000000
 35658 multiletter control sequences out of 15000+600000
 631010 words of font info for 53 fonts, out of 8000000 for 9000
 1141 hyphenation exceptions out of 8191
 57i,7n,65p,501b,796s stack positions out of 10000i,1000n,20000p,200000b,200000s
 <C:\Users\nilsk\AppData\Local\MiKTeX\fonts/pk/ljfour/jknappen/ec/dpi600\tcbx
1000.pk> <C:\Users\nilsk\AppData\Local\MiKTeX\fonts/pk/ljfour/jknappen/ec/dpi60
0\tcrm1000.pk><C:/Users/nilsk/AppData/Local/Programs/MiKTeX/fonts/type1/public/
amsfonts/cm/cmbx10.pfb><C:/Users/nilsk/AppData/Local/Programs/MiKTeX/fonts/type
1/public/amsfonts/cm/cmbx9.pfb><C:/Users/nilsk/AppData/Local/Programs/MiKTeX/fo
nts/type1/public/amsfonts/cm/cmmi10.pfb><C:/Users/nilsk/AppData/Local/Programs/
MiKTeX/fonts/type1/public/amsfonts/cm/cmmi7.pfb><C:/Users/nilsk/AppData/Local/P
rograms/MiKTeX/fonts/type1/public/amsfonts/cm/cmr10.pfb><C:/Users/nilsk/AppData
/Local/Programs/MiKTeX/fonts/type1/public/amsfonts/cm/cmr7.pfb><C:/Users/nilsk/
AppData/Local/Programs/MiKTeX/fonts/type1/public/amsfonts/cm/cmsy10.pfb>
Output written on document.pdf (10 pages, 7808086 bytes).
PDF statistics:
 176 PDF objects out of 1000 (max. 8388607)
 0 named destinations out of 1000 (max. 500000)
 246 words of extra memory for PDF output out of 10000 (max. 10000000)

