\BOOKMARK [2][-]{subsection.0.1}{\376\377\000Z\000e\000r\000t\000\366\000r\000e\000n\000d\000e\000\040\000W\000e\000r\000k\000s\000t\000o\000f\000f\000p\000r\000\374\000f\000u\000n\000g\000e\000n}{}% 1
\BOOKMARK [2][-]{subsection.0.2}{\376\377\000H\000\344\000r\000t\000e\000p\000r\000\374\000f\000u\000n\000g}{}% 2
\BOOKMARK [2][-]{subsection.0.3}{\376\377\000Z\000u\000g\000v\000e\000r\000s\000u\000c\000h}{}% 3
\BOOKMARK [2][-]{subsection.0.4}{\376\377\000K\000e\000r\000b\000s\000c\000h\000a\000l\000g\000b\000i\000e\000g\000e\000v\000e\000r\000s\000u\000c\000h}{}% 4
\BOOKMARK [2][-]{subsection.0.5}{\376\377\000Z\000e\000r\000s\000t\000\366\000r\000u\000n\000g\000s\000f\000r\000e\000i\000e\000\040\000W\000e\000r\000k\000s\000t\000o\000f\000f\000p\000r\000\374\000f\000u\000n\000g}{}% 5
\BOOKMARK [2][-]{subsection.0.6}{\376\377\000S\000i\000c\000h\000t\000p\000r\000\374\000f\000u\000n\000g}{}% 6
\BOOKMARK [2][-]{subsection.0.7}{\376\377\000U\000l\000t\000r\000a\000s\000c\000h\000a\000l\000l\000p\000r\000\374\000f\000u\000n\000g}{}% 7
\BOOKMARK [2][-]{subsection.0.8}{\376\377\000W\000i\000r\000b\000e\000l\000s\000t\000r\000o\000m\000p\000r\000\374\000f\000u\000n\000g}{}% 8
\BOOKMARK [2][-]{subsection.0.9}{\376\377\000M\000a\000g\000n\000e\000t\000p\000u\000l\000v\000e\000r\000p\000r\000\374\000f\000u\000n\000g}{}% 9
\BOOKMARK [2][-]{subsection.0.10}{\376\377\000F\000a\000r\000b\000e\000i\000n\000d\000r\000i\000n\000g\000p\000r\000\374\000f\000u\000n\000g\000\040\000P\000T\000\050\000P\000e\000n\000e\000t\000r\000a\000n\000t\000\040\000T\000e\000s\000t\000\051}{}% 10
\BOOKMARK [2][-]{subsection.0.11}{\376\377\000R\000e\000p\000l\000i\000k\000a\000-\000M\000e\000t\000h\000o\000d\000e}{}% 11
\BOOKMARK [2][-]{subsection.0.12}{\376\377\000M\000e\000c\000h\000a\000n\000i\000s\000c\000h\000e\000\040\000E\000i\000g\000e\000n\000s\000c\000h\000a\000f\000t\000e\000n}{}% 12
\BOOKMARK [2][-]{subsection.0.13}{\376\377\000G\000i\000t\000t\000e\000r\000t\000y\000p\000e\000n}{}% 13
\BOOKMARK [2][-]{subsection.0.14}{\376\377\000P\000h\000a\000s\000e}{}% 14
\BOOKMARK [2][-]{subsection.0.15}{\376\377\000G\000i\000t\000t\000e\000r\000f\000e\000h\000l\000e\000r}{}% 15
\BOOKMARK [2][-]{subsection.0.16}{\376\377\000V\000o\000l\000l\000s\000t\000\344\000n\000d\000i\000g\000e\000\040\000L\000\366\000s\000b\000a\000r\000k\000e\000i\000t\000\040\000\050\000M\000i\000s\000c\000h\000k\000r\000i\000s\000t\000a\000l\000l\000\051}{}% 16
\BOOKMARK [2][-]{subsection.0.17}{\376\377\000V\000o\000l\000l\000s\000t\000\344\000n\000d\000i\000g\000e\000\040\000U\000n\000l\000\366\000s\000b\000a\000r\000k\000e\000i\000t\000\040\000\050\000K\000r\000i\000s\000t\000a\000l\000l\000g\000e\000m\000i\000s\000c\000h\000l\000e\000g\000i\000e\000r\000u\000n\000g\000\051}{}% 17
\BOOKMARK [2][-]{subsection.0.18}{\376\377\000T\000e\000i\000l\000w\000e\000i\000s\000e\000\040\000L\000\366\000s\000b\000a\000r\000k\000e\000i\000t\000\040\000\050\000G\000e\000m\000i\000s\000c\000h\000\040\000a\000u\000s\000\040\000M\000i\000s\000c\000h\000k\000r\000i\000s\000t\000a\000l\000l\000\051}{}% 18
\BOOKMARK [1][-]{section.1}{\376\377\000W\000e\000r\000k\000s\000t\000o\000f\000f\000k\000l\000a\000s\000s\000e\000\040\000M\000e\000t\000a\000l\000l\000e}{}% 19
\BOOKMARK [2][-]{subsection.1.1}{\376\377\000E\000i\000s\000e\000n}{section.1}% 20
\BOOKMARK [2][-]{subsection.1.2}{\376\377\000S\000t\000a\000h\000l}{section.1}% 21
\BOOKMARK [2][-]{subsection.1.3}{\376\377\000E\000i\000n\000t\000e\000i\000l\000u\000n\000g\000\040\000n\000a\000c\000h\000\040\000V\000e\000r\000w\000e\000n\000d\000u\000n\000g\000s\000z\000w\000e\000c\000k}{section.1}% 22
\BOOKMARK [2][-]{subsection.1.4}{\376\377\000E\000i\000n\000t\000e\000i\000l\000u\000n\000g\000\040\000n\000a\000c\000h\000\040\000m\000e\000t\000a\000l\000l\000p\000h\000y\000s\000i\000k\000a\000l\000i\000s\000c\000h\000e\000n\000\040\000M\000e\000r\000k\000m\000a\000l\000e\000n}{section.1}% 23
\BOOKMARK [2][-]{subsection.1.5}{\376\377\000E\000i\000s\000e\000n\000-\000K\000o\000h\000l\000e\000n\000s\000t\000o\000f\000f\000-\000D\000i\000a\000g\000r\000a\000m\000m}{section.1}% 24
\BOOKMARK [2][-]{subsection.1.6}{\376\377\000D\000I\000N\000\040\000E\000N\000\040\0001\0000\0000\0002\0007\000-\0001}{section.1}% 25
\BOOKMARK [2][-]{subsection.1.7}{\376\377\000A\000l\000u\000m\000i\000n\000u\000m}{section.1}% 26
\BOOKMARK [2][-]{subsection.1.8}{\376\377\000K\000e\000n\000n\000z\000e\000i\000c\000h\000n\000u\000n\000g\000-\000A\000l\000u\000m\000i\000n\000i\000u\000m}{section.1}% 27
\BOOKMARK [2][-]{subsection.1.9}{\376\377\000T\000i\000t\000a\000n}{section.1}% 28
\BOOKMARK [2][-]{subsection.1.10}{\376\377\000K\000l\000a\000s\000s\000i\000f\000i\000z\000i\000e\000r\000u\000n\000g\000\040\000v\000o\000n\000\040\000T\000i\000t\000a\000n}{section.1}% 29
\BOOKMARK [2][-]{subsection.1.11}{\376\377\000E\000i\000g\000e\000n\000s\000c\000h\000a\000f\000t\000e\000n\000\040\000v\000o\000n\000\040\000T\000i\000t\000a\000n}{section.1}% 30
\BOOKMARK [2][-]{subsection.1.12}{\376\377\000A\000n\000w\000e\000n\000d\000u\000n\000g\000e\000n\000\040\000v\000o\000n\000\040\000T\000i\000t\000a\000n}{section.1}% 31
\BOOKMARK [2][-]{subsection.1.13}{\376\377\000M\000a\000g\000n\000e\000s\000i\000u\000m}{section.1}% 32
\BOOKMARK [3][-]{subsubsection.1.13.1}{\376\377\000M\000a\000g\000n\000e\000s\000i\000u\000m}{subsection.1.13}% 33
\BOOKMARK [2][-]{subsection.1.14}{\376\377\000K\000e\000n\000n\000z\000e\000i\000c\000h\000n\000u\000n\000g\000\040\000M\000a\000g\000n\000e\000s\000i\000u\000m}{section.1}% 34
\BOOKMARK [2][-]{subsection.1.15}{\376\377\000V\000e\000r\000a\000r\000b\000e\000i\000t\000u\000n\000g\000\040\000v\000o\000n\000\040\000M\000a\000g\000n\000e\000s\000i\000u\000m}{section.1}% 35
\BOOKMARK [2][-]{subsection.1.16}{\376\377\000K\000u\000p\000f\000e\000r}{section.1}% 36
\BOOKMARK [2][-]{subsection.1.17}{\376\377\000S\000m\000a\000r\000t\000\040\000M\000a\000t\000e\000r\000i\000a\000l\000s\000\040\000F\000o\000r\000m\000g\000e\000d\000\344\000c\000h\000t\000n\000i\000s\000l\000e\000g\000i\000e\000r\000u\000n\000g\000e\000n}{section.1}% 37
\BOOKMARK [1][-]{section.2}{\376\377\000W\000\344\000r\000m\000e\000b\000e\000h\000a\000n\000d\000l\000u\000n\000g}{}% 38
\BOOKMARK [2][-]{subsection.2.1}{\376\377\000H\000\344\000r\000t\000e\000m\000e\000t\000h\000o\000d\000e\000n}{section.2}% 39
\BOOKMARK [2][-]{subsection.2.2}{\376\377\000A\000b\000k\000\374\000h\000l\000m\000e\000d\000i\000u\000m}{section.2}% 40
\BOOKMARK [1][-]{section.3}{\376\377\000P\000o\000l\000y\000m\000e\000r\000e}{}% 41
\BOOKMARK [2][-]{subsection.3.1}{\376\377\000S\000y\000n\000t\000h\000e\000s\000e\000\040\000v\000o\000n\000\040\000K\000u\000n\000s\000t\000s\000t\000o\000f\000f\000e\000n}{section.3}% 42
\BOOKMARK [2][-]{subsection.3.2}{\376\377\000T\000y\000p\000e\000n\000\040\000v\000o\000n\000\040\000K\000u\000n\000s\000t\000s\000t\000o\000f\000f\000e\000n}{section.3}% 43
\BOOKMARK [1][-]{section.4}{\376\377\000F\000a\000c\000h\000w\000\366\000r\000t\000e\000r}{}% 44
